<?xml version="1.0" encoding="UTF-8"?>
<robot generator="Robot 7.3.2 (Python 3.13.5 on darwin)" generated="2025-10-22T22:45:28.234530" rpa="false" schemaversion="5">
<suite id="s1" name="Test" source="/Users/sultansakyp/PycharmProjects/SoftwareTestingAssignment/testCases/test.robot">
<test id="s1-t1" name="TC_1_SIGN_UP" line="6">
<kw name="Sign Up" owner="resources">
<kw name="Open Browser" owner="SeleniumLibrary">
<msg time="2025-10-22T22:45:28.326666" level="INFO">Opening browser 'Chrome' to base url 'https://www.demoblaze.com/'.</msg>
<arg>${baseUrl}</arg>
<arg>Chrome</arg>
<doc>Opens a new browser instance to the optional ``url``.</doc>
<status status="PASS" start="2025-10-22T22:45:28.326554" elapsed="12.514953"/>
</kw>
<kw name="Wait Until Page Contains Element" owner="SeleniumLibrary">
<arg>${signUpButton}</arg>
<arg>timeout=80</arg>
<arg>error=loginButtonNotFound</arg>
<doc>Waits until the element ``locator`` appears on the current page.</doc>
<status status="PASS" start="2025-10-22T22:45:40.841979" elapsed="0.008861"/>
</kw>
<kw name="Sleep" owner="BuiltIn">
<msg time="2025-10-22T22:45:41.851685" level="INFO">Slept 1 second.</msg>
<arg>1s</arg>
<doc>Pauses the test executed for the given time.</doc>
<status status="PASS" start="2025-10-22T22:45:40.851000" elapsed="1.000885"/>
</kw>
<kw name="Click Element" owner="SeleniumLibrary">
<msg time="2025-10-22T22:45:41.852412" level="INFO">Clicking element '//*[@id="signin2"]'.</msg>
<arg>${signUpButton}</arg>
<doc>Click the element identified by ``locator``.</doc>
<status status="PASS" start="2025-10-22T22:45:41.852115" elapsed="0.033665"/>
</kw>
<kw name="Wait Until Page Contains Element" owner="SeleniumLibrary">
<arg>${signUpUsername}</arg>
<arg>timeout=80</arg>
<arg>error=loginButtonNotFound</arg>
<doc>Waits until the element ``locator`` appears on the current page.</doc>
<status status="PASS" start="2025-10-22T22:45:41.885946" elapsed="0.005479"/>
</kw>
<kw name="Sleep" owner="BuiltIn">
<msg time="2025-10-22T22:45:42.893219" level="INFO">Slept 1 second.</msg>
<arg>1s</arg>
<doc>Pauses the test executed for the given time.</doc>
<status status="PASS" start="2025-10-22T22:45:41.891537" elapsed="1.001762"/>
</kw>
<kw name="Input Text" owner="SeleniumLibrary">
<msg time="2025-10-22T22:45:42.893582" level="INFO">Typing text 'sultanTest2' into text field '//*[@id="sign-username"]'.</msg>
<arg>${signUpUsername}</arg>
<arg>${login}</arg>
<doc>Types the given ``text`` into the text field identified by ``locator``.</doc>
<status status="PASS" start="2025-10-22T22:45:42.893415" elapsed="0.105497"/>
</kw>
<kw name="Input Password" owner="SeleniumLibrary">
<msg time="2025-10-22T22:45:42.999199" level="INFO">Typing password into text field '//*[@id="sign-password"]'.</msg>
<msg time="2025-10-22T22:45:43.014878" level="INFO">Temporally setting log level to: NONE</msg>
<arg>${signUpPassword}</arg>
<arg>${password}</arg>
<doc>Types the given password into the text field identified by ``locator``.</doc>
<status status="PASS" start="2025-10-22T22:45:42.999029" elapsed="0.049055"/>
</kw>
<kw name="Sleep" owner="BuiltIn">
<msg time="2025-10-22T22:45:45.053826" level="INFO">Slept 2 seconds.</msg>
<arg>2s</arg>
<doc>Pauses the test executed for the given time.</doc>
<status status="PASS" start="2025-10-22T22:45:43.048200" elapsed="2.006007"/>
</kw>
<kw name="Click Element" owner="SeleniumLibrary">
<msg time="2025-10-22T22:45:45.055000" level="INFO">Clicking element '//*[@id="signInModal"]/div/div/div[3]/button[2]'.</msg>
<arg>${signUpFormButton}</arg>
<doc>Click the element identified by ``locator``.</doc>
<status status="PASS" start="2025-10-22T22:45:45.054557" elapsed="0.050198"/>
</kw>
<kw name="Sleep" owner="BuiltIn">
<msg time="2025-10-22T22:45:48.106531" level="INFO">Slept 3 seconds.</msg>
<arg>3s</arg>
<doc>Pauses the test executed for the given time.</doc>
<status status="PASS" start="2025-10-22T22:45:45.104890" elapsed="3.001850"/>
</kw>
<status status="PASS" start="2025-10-22T22:45:28.326213" elapsed="19.780714"/>
</kw>
<status status="PASS" start="2025-10-22T22:45:28.325902" elapsed="19.781401"/>
</test>
<test id="s1-t2" name="TC_2_LOGIN" line="9">
<kw name="Log in" owner="resources">
<kw name="Open Browser" owner="SeleniumLibrary">
<msg time="2025-10-22T22:45:48.108573" level="INFO">Opening browser 'Chrome' to base url 'https://www.demoblaze.com/'.</msg>
<arg>${baseUrl}</arg>
<arg>Chrome</arg>
<doc>Opens a new browser instance to the optional ``url``.</doc>
<status status="PASS" start="2025-10-22T22:45:48.108358" elapsed="2.944871"/>
</kw>
<kw name="Wait Until Page Contains Element" owner="SeleniumLibrary">
<arg>${loginButton}</arg>
<arg>timeout=80</arg>
<arg>error=loginButtonNotFound</arg>
<doc>Waits until the element ``locator`` appears on the current page.</doc>
<status status="PASS" start="2025-10-22T22:45:51.053580" elapsed="0.009216"/>
</kw>
<kw name="Sleep" owner="BuiltIn">
<msg time="2025-10-22T22:45:53.063986" level="INFO">Slept 2 seconds.</msg>
<arg>2s</arg>
<doc>Pauses the test executed for the given time.</doc>
<status status="PASS" start="2025-10-22T22:45:51.062940" elapsed="2.001260"/>
</kw>
<kw name="Click Element" owner="SeleniumLibrary">
<msg time="2025-10-22T22:45:53.064719" level="INFO">Clicking element '//*[@id="login2"]'.</msg>
<arg>${loginButton}</arg>
<doc>Click the element identified by ``locator``.</doc>
<status status="PASS" start="2025-10-22T22:45:53.064428" elapsed="0.040571"/>
</kw>
<kw name="Wait Until Page Contains Element" owner="SeleniumLibrary">
<arg>${loginUsernameField}</arg>
<arg>timeout=80</arg>
<arg>error=loginButtonNotFound</arg>
<doc>Waits until the element ``locator`` appears on the current page.</doc>
<status status="PASS" start="2025-10-22T22:45:53.105121" elapsed="0.006779"/>
</kw>
<kw name="Sleep" owner="BuiltIn">
<msg time="2025-10-22T22:45:55.113639" level="INFO">Slept 2 seconds.</msg>
<arg>2s</arg>
<doc>Pauses the test executed for the given time.</doc>
<status status="PASS" start="2025-10-22T22:45:53.112018" elapsed="2.002329"/>
</kw>
<kw name="Input Text" owner="SeleniumLibrary">
<msg time="2025-10-22T22:45:55.116366" level="INFO">Typing text 'sultanTest2' into text field '//*[@id="loginusername"]'.</msg>
<arg>${loginUsernameField}</arg>
<arg>${login}</arg>
<doc>Types the given ``text`` into the text field identified by ``locator``.</doc>
<status status="PASS" start="2025-10-22T22:45:55.115209" elapsed="0.108190"/>
</kw>
<kw name="Input Password" owner="SeleniumLibrary">
<msg time="2025-10-22T22:45:55.223700" level="INFO">Typing password into text field '//*[@id="loginpassword"]'.</msg>
<msg time="2025-10-22T22:45:55.242034" level="INFO">Temporally setting log level to: NONE</msg>
<arg>${loginPasswordField}</arg>
<arg>${password}</arg>
<doc>Types the given password into the text field identified by ``locator``.</doc>
<status status="PASS" start="2025-10-22T22:45:55.223527" elapsed="0.039751"/>
</kw>
<kw name="Sleep" owner="BuiltIn">
<msg time="2025-10-22T22:45:57.264820" level="INFO">Slept 2 seconds.</msg>
<arg>2s</arg>
<doc>Pauses the test executed for the given time.</doc>
<status status="PASS" start="2025-10-22T22:45:55.263395" elapsed="2.002600"/>
</kw>
<kw name="Click Element" owner="SeleniumLibrary">
<msg time="2025-10-22T22:45:57.267880" level="INFO">Clicking element '//*[@id="logInModal"]/div/div/div[3]/button[2]'.</msg>
<arg>${loginFormButton}</arg>
<doc>Click the element identified by ``locator``.</doc>
<status status="PASS" start="2025-10-22T22:45:57.267041" elapsed="0.053978"/>
</kw>
<kw name="Sleep" owner="BuiltIn">
<msg time="2025-10-22T22:45:59.321688" level="INFO">Slept 2 seconds.</msg>
<arg>2s</arg>
<doc>Pauses the test executed for the given time.</doc>
<status status="PASS" start="2025-10-22T22:45:57.321140" elapsed="2.001350"/>
</kw>
<status status="PASS" start="2025-10-22T22:45:48.108075" elapsed="11.215119"/>
</kw>
<status status="PASS" start="2025-10-22T22:45:48.107550" elapsed="11.216602"/>
</test>
<test id="s1-t3" name="TC_3_BUY_PRODUCT" line="12">
<kw name="Buy Product" owner="resources">
<kw name="Click Element" owner="SeleniumLibrary">
<msg time="2025-10-22T22:45:59.327249" level="INFO">Clicking element '//a[text()="Samsung galaxy s6"]'.</msg>
<arg>${productSamsungGalaxyS6}</arg>
<doc>Click the element identified by ``locator``.</doc>
<status status="PASS" start="2025-10-22T22:45:59.326845" elapsed="0.615544"/>
</kw>
<kw name="Wait Until Page Contains Element" owner="SeleniumLibrary">
<arg>${addToCartButton}</arg>
<arg>timeout=80</arg>
<doc>Waits until the element ``locator`` appears on the current page.</doc>
<status status="PASS" start="2025-10-22T22:45:59.942531" elapsed="0.862347"/>
</kw>
<kw name="Sleep" owner="BuiltIn">
<msg time="2025-10-22T22:46:02.805788" level="INFO">Slept 2 seconds.</msg>
<arg>2s</arg>
<doc>Pauses the test executed for the given time.</doc>
<status status="PASS" start="2025-10-22T22:46:00.805193" elapsed="2.001225"/>
</kw>
<kw name="Click Element" owner="SeleniumLibrary">
<msg time="2025-10-22T22:46:02.808284" level="INFO">Clicking element '//a[@onclick="addToCart(1)"]'.</msg>
<arg>${addToCartButton}</arg>
<doc>Click the element identified by ``locator``.</doc>
<status status="PASS" start="2025-10-22T22:46:02.807219" elapsed="0.067350"/>
</kw>
<kw name="Sleep" owner="BuiltIn">
<msg time="2025-10-22T22:46:04.875288" level="INFO">Slept 2 seconds.</msg>
<arg>2s</arg>
<doc>Pauses the test executed for the given time.</doc>
<status status="PASS" start="2025-10-22T22:46:02.874704" elapsed="2.001145"/>
</kw>
<kw name="Handle Alert" owner="SeleniumLibrary">
<msg time="2025-10-22T22:46:04.877660" level="INFO">HANDLE::&lt;class 'NoneType'&gt;::None</msg>
<arg>accept</arg>
<doc>Handles the current alert and returns its message.</doc>
<status status="PASS" start="2025-10-22T22:46:04.876708" elapsed="0.009629"/>
</kw>
<kw name="Click Element" owner="SeleniumLibrary">
<msg time="2025-10-22T22:46:04.886858" level="INFO">Clicking element '//*[@id="cartur"]'.</msg>
<arg>${cartButton}</arg>
<doc>Click the element identified by ``locator``.</doc>
<status status="PASS" start="2025-10-22T22:46:04.886547" elapsed="0.993101"/>
</kw>
<kw name="Sleep" owner="BuiltIn">
<msg time="2025-10-22T22:46:07.880311" level="INFO">Slept 2 seconds.</msg>
<arg>2s</arg>
<doc>Pauses the test executed for the given time.</doc>
<status status="PASS" start="2025-10-22T22:46:05.879786" elapsed="2.001139"/>
</kw>
<kw name="Wait Until Page Contains Element" owner="SeleniumLibrary">
<arg>${placeOrderButton}</arg>
<arg>timeout=80</arg>
<doc>Waits until the element ``locator`` appears on the current page.</doc>
<status status="PASS" start="2025-10-22T22:46:07.881702" elapsed="0.017671"/>
</kw>
<kw name="Sleep" owner="BuiltIn">
<msg time="2025-10-22T22:46:09.902470" level="INFO">Slept 2 seconds.</msg>
<arg>2s</arg>
<doc>Pauses the test executed for the given time.</doc>
<status status="PASS" start="2025-10-22T22:46:07.899666" elapsed="2.003415"/>
</kw>
<kw name="Click Element" owner="SeleniumLibrary">
<msg time="2025-10-22T22:46:09.904985" level="INFO">Clicking element '//button[@data-target="#orderModal"]'.</msg>
<arg>${placeOrderButton}</arg>
<doc>Click the element identified by ``locator``.</doc>
<status status="PASS" start="2025-10-22T22:46:09.903949" elapsed="0.049749"/>
</kw>
<kw name="Wait Until Page Contains Element" owner="SeleniumLibrary">
<arg>${orderName}</arg>
<arg>timeout=80</arg>
<arg>error=loginButtonNotFound</arg>
<doc>Waits until the element ``locator`` appears on the current page.</doc>
<status status="PASS" start="2025-10-22T22:46:09.953840" elapsed="0.006174"/>
</kw>
<kw name="Sleep" owner="BuiltIn">
<msg time="2025-10-22T22:46:11.960748" level="INFO">Slept 2 seconds.</msg>
<arg>2s</arg>
<doc>Pauses the test executed for the given time.</doc>
<status status="PASS" start="2025-10-22T22:46:09.960096" elapsed="2.001398"/>
</kw>
<kw name="Input Text" owner="SeleniumLibrary">
<msg time="2025-10-22T22:46:11.963492" level="INFO">Typing text 'Sultan Sakyp' into text field '//*[@id="name"]'.</msg>
<arg>${orderName}</arg>
<arg>Sultan Sakyp</arg>
<doc>Types the given ``text`` into the text field identified by ``locator``.</doc>
<status status="PASS" start="2025-10-22T22:46:11.962334" elapsed="0.057497"/>
</kw>
<kw name="Input Text" owner="SeleniumLibrary">
<msg time="2025-10-22T22:46:12.020116" level="INFO">Typing text 'Kazakhstan' into text field '//*[@id="country"]'.</msg>
<arg>${orderCountry}</arg>
<arg>Kazakhstan</arg>
<doc>Types the given ``text`` into the text field identified by ``locator``.</doc>
<status status="PASS" start="2025-10-22T22:46:12.019959" elapsed="0.036807"/>
</kw>
<kw name="Input Text" owner="SeleniumLibrary">
<msg time="2025-10-22T22:46:12.057011" level="INFO">Typing text 'Almaty' into text field '//*[@id="city"]'.</msg>
<arg>${orderCity}</arg>
<arg>Almaty</arg>
<doc>Types the given ``text`` into the text field identified by ``locator``.</doc>
<status status="PASS" start="2025-10-22T22:46:12.056875" elapsed="0.034185"/>
</kw>
<kw name="Input Text" owner="SeleniumLibrary">
<msg time="2025-10-22T22:46:12.091331" level="INFO">Typing text '1234 5678 9012 3456' into text field '//*[@id="card"]'.</msg>
<arg>${orderCard}</arg>
<arg>1234 5678 9012 3456</arg>
<doc>Types the given ``text`` into the text field identified by ``locator``.</doc>
<status status="PASS" start="2025-10-22T22:46:12.091179" elapsed="0.042344"/>
</kw>
<kw name="Input Text" owner="SeleniumLibrary">
<msg time="2025-10-22T22:46:12.133822" level="INFO">Typing text '10' into text field '//*[@id="month"]'.</msg>
<arg>${orderMonth}</arg>
<arg>10</arg>
<doc>Types the given ``text`` into the text field identified by ``locator``.</doc>
<status status="PASS" start="2025-10-22T22:46:12.133639" elapsed="0.043466"/>
</kw>
<kw name="Input Text" owner="SeleniumLibrary">
<msg time="2025-10-22T22:46:12.177363" level="INFO">Typing text '2025' into text field '//*[@id="year"]'.</msg>
<arg>${orderYear}</arg>
<arg>2025</arg>
<doc>Types the given ``text`` into the text field identified by ``locator``.</doc>
<status status="PASS" start="2025-10-22T22:46:12.177221" elapsed="0.031880"/>
</kw>
<kw name="Sleep" owner="BuiltIn">
<msg time="2025-10-22T22:46:14.210768" level="INFO">Slept 2 seconds.</msg>
<arg>2s</arg>
<doc>Pauses the test executed for the given time.</doc>
<status status="PASS" start="2025-10-22T22:46:12.209204" elapsed="2.003347"/>
</kw>
<kw name="Click Element" owner="SeleniumLibrary">
<msg time="2025-10-22T22:46:14.214986" level="INFO">Clicking element '//button[@onclick="purchaseOrder()"]'.</msg>
<arg>${purchaseButton}</arg>
<doc>Click the element identified by ``locator``.</doc>
<status status="PASS" start="2025-10-22T22:46:14.213984" elapsed="0.051042"/>
</kw>
<kw name="Wait Until Page Contains" owner="SeleniumLibrary">
<arg>Thank you for your purchase!</arg>
<arg>timeout=80</arg>
<doc>Waits until ``text`` appears on the current page.</doc>
<status status="PASS" start="2025-10-22T22:46:14.265142" elapsed="0.006227"/>
</kw>
<kw name="Sleep" owner="BuiltIn">
<msg time="2025-10-22T22:46:16.274047" level="INFO">Slept 2 seconds.</msg>
<arg>2s</arg>
<doc>Pauses the test executed for the given time.</doc>
<status status="PASS" start="2025-10-22T22:46:14.271475" elapsed="2.003430"/>
</kw>
<kw name="Wait Until Page Contains Element" owner="SeleniumLibrary">
<arg>${okButton}</arg>
<arg>timeout=80</arg>
<arg>error=loginButtonNotFound</arg>
<doc>Waits until the element ``locator`` appears on the current page.</doc>
<status status="PASS" start="2025-10-22T22:46:16.275700" elapsed="0.016264"/>
</kw>
<kw name="Click Element" owner="SeleniumLibrary">
<msg time="2025-10-22T22:46:16.292420" level="INFO">Clicking element '//button[text()="OK"]'.</msg>
<arg>${okButton}</arg>
<doc>Click the element identified by ``locator``.</doc>
<status status="PASS" start="2025-10-22T22:46:16.292168" elapsed="1.217454"/>
</kw>
<kw name="Sleep" owner="BuiltIn">
<msg time="2025-10-22T22:46:19.512396" level="INFO">Slept 2 seconds.</msg>
<arg>2s</arg>
<doc>Pauses the test executed for the given time.</doc>
<status status="PASS" start="2025-10-22T22:46:17.509900" elapsed="2.003112"/>
</kw>
<status status="PASS" start="2025-10-22T22:45:59.325971" elapsed="20.187439"/>
</kw>
<status status="PASS" start="2025-10-22T22:45:59.324683" elapsed="20.189395"/>
</test>
<test id="s1-t4" name="TC_4_LOGOUT" line="15">
<kw name="Log out" owner="resources">
<kw name="Click Element" owner="SeleniumLibrary">
<msg time="2025-10-22T22:46:19.518678" level="INFO">Clicking element '//*[@id="logout2"]'.</msg>
<arg>${logOutButton}</arg>
<doc>Click the element identified by ``locator``.</doc>
<status status="PASS" start="2025-10-22T22:46:19.518293" elapsed="0.089168"/>
</kw>
<kw name="Sleep" owner="BuiltIn">
<msg time="2025-10-22T22:46:21.609895" level="INFO">Slept 2 seconds.</msg>
<arg>2s</arg>
<doc>Pauses the test executed for the given time.</doc>
<status status="PASS" start="2025-10-22T22:46:19.607663" elapsed="2.002791"/>
</kw>
<status status="PASS" start="2025-10-22T22:46:19.515822" elapsed="2.095347"/>
</kw>
<status status="PASS" start="2025-10-22T22:46:19.514674" elapsed="2.097088"/>
</test>
<kw name="Close Browser" owner="resources" type="TEARDOWN">
<kw name="Close All Browsers" owner="SeleniumLibrary">
<doc>Closes all open browsers and resets the browser cache.</doc>
<status status="PASS" start="2025-10-22T22:46:21.614201" elapsed="0.192236"/>
</kw>
<status status="PASS" start="2025-10-22T22:46:21.613647" elapsed="0.192871"/>
</kw>
<status status="PASS" start="2025-10-22T22:45:28.235140" elapsed="53.571401"/>
</suite>
<statistics>
<total>
<stat pass="4" fail="0" skip="0">All Tests</stat>
</total>
<tag>
</tag>
<suite>
<stat name="Test" id="s1" pass="4" fail="0" skip="0">Test</stat>
</suite>
</statistics>
<errors>
</errors>
</robot>
