<?xml version="1.0" encoding="UTF-8"?>
<robot generator="Robot 7.3.2 (Python 3.9.6 on darwin)" generated="2025-10-16T19:40:54.340600" rpa="false" schemaversion="5">
<suite id="s1" name="Test" source="/Users/aronkarataev/PycharmProjects/TestAutomationLecture/testCases/test.robot">
<test id="s1-t1" name="LOGIN_TEST" line="11">
<kw name="Sign Up" owner="resources">
<kw name="Open Browser" owner="SeleniumLibrary">
<msg time="2025-10-16T19:40:54.458224" level="INFO">Opening browser 'Chrome' to base url 'https://www.demoblaze.com/'.</msg>
<arg>${baseUrl}</arg>
<arg>Chrome</arg>
<doc>Opens a new browser instance to the optional ``url``.</doc>
<status status="PASS" start="2025-10-16T19:40:54.458089" elapsed="6.110767"/>
</kw>
<kw name="Wait Until Page Contains Element" owner="SeleniumLibrary">
<arg>${signUpButton}</arg>
<arg>timeout=80</arg>
<arg>error=logInButtonNotFound</arg>
<doc>Waits until the element ``locator`` appears on the current page.</doc>
<status status="PASS" start="2025-10-16T19:41:00.569834" elapsed="0.011033"/>
</kw>
<kw name="Sleep" owner="BuiltIn">
<msg time="2025-10-16T19:41:01.582254" level="INFO">Slept 1 second.</msg>
<arg>1s</arg>
<doc>Pauses the test executed for the given time.</doc>
<status status="PASS" start="2025-10-16T19:41:00.581039" elapsed="1.001337"/>
</kw>
<kw name="Click Element" owner="SeleniumLibrary">
<msg time="2025-10-16T19:41:01.582782" level="INFO">Clicking element '//*[@id="signin2"]'.</msg>
<arg>${signUpButton}</arg>
<doc>Click the element identified by ``locator``.</doc>
<status status="PASS" start="2025-10-16T19:41:01.582556" elapsed="0.052280"/>
</kw>
<kw name="Wait Until Page Contains Element" owner="SeleniumLibrary">
<arg>${signUpUsername}</arg>
<arg>timeout=80</arg>
<arg>error=logInButtonNotFound</arg>
<doc>Waits until the element ``locator`` appears on the current page.</doc>
<status status="PASS" start="2025-10-16T19:41:01.635092" elapsed="0.059927"/>
</kw>
<kw name="Sleep" owner="BuiltIn">
<msg time="2025-10-16T19:41:02.696815" level="INFO">Slept 1 second.</msg>
<arg>1s</arg>
<doc>Pauses the test executed for the given time.</doc>
<status status="PASS" start="2025-10-16T19:41:01.695208" elapsed="1.001800"/>
</kw>
<kw name="Input Text" owner="SeleniumLibrary">
<msg time="2025-10-16T19:41:02.697893" level="INFO">Typing text 'aronTest1' into text field '//*[@id="sign-username"]'.</msg>
<arg>${signUpUsername}</arg>
<arg>${login}</arg>
<doc>Types the given ``text`` into the text field identified by ``locator``.</doc>
<status status="PASS" start="2025-10-16T19:41:02.697420" elapsed="0.129102"/>
</kw>
<kw name="Sleep" owner="BuiltIn">
<msg time="2025-10-16T19:41:04.828792" level="INFO">Slept 2 seconds.</msg>
<arg>2s</arg>
<doc>Pauses the test executed for the given time.</doc>
<status status="PASS" start="2025-10-16T19:41:02.826672" elapsed="2.002299"/>
</kw>
<kw name="Input Password" owner="SeleniumLibrary">
<msg time="2025-10-16T19:41:04.829434" level="INFO">Typing password into text field '//*[@id="sign-password"]'.</msg>
<msg time="2025-10-16T19:41:04.846957" level="INFO">Temporally setting log level to: NONE</msg>
<arg>${signUpPassword}</arg>
<arg>${password}</arg>
<doc>Types the given password into the text field identified by ``locator``.</doc>
<status status="PASS" start="2025-10-16T19:41:04.829164" elapsed="0.039394"/>
</kw>
<kw name="Sleep" owner="BuiltIn">
<msg time="2025-10-16T19:41:06.870292" level="INFO">Slept 2 seconds.</msg>
<arg>2s</arg>
<doc>Pauses the test executed for the given time.</doc>
<status status="PASS" start="2025-10-16T19:41:04.868706" elapsed="2.001890"/>
</kw>
<kw name="Click Element" owner="SeleniumLibrary">
<msg time="2025-10-16T19:41:06.871661" level="INFO">Clicking element '//*[@id="signInModal"]/div/div/div[3]/button[2]'.</msg>
<arg>${signUpFormButton}</arg>
<doc>Click the element identified by ``locator``.</doc>
<status status="PASS" start="2025-10-16T19:41:06.871053" elapsed="0.056378"/>
</kw>
<kw name="Sleep" owner="BuiltIn">
<msg time="2025-10-16T19:41:09.928051" level="INFO">Slept 3 seconds.</msg>
<arg>3s</arg>
<doc>Pauses the test executed for the given time.</doc>
<status status="PASS" start="2025-10-16T19:41:06.927599" elapsed="3.000586"/>
</kw>
<status status="PASS" start="2025-10-16T19:40:54.457620" elapsed="15.470703"/>
</kw>
<kw name="Log in" owner="resources">
<kw name="Open Browser" owner="SeleniumLibrary">
<msg time="2025-10-16T19:41:09.929172" level="INFO">Opening browser 'Chrome' to base url 'https://www.demoblaze.com/'.</msg>
<arg>${baseUrl}</arg>
<arg>Chrome</arg>
<doc>Opens a new browser instance to the optional ``url``.</doc>
<status status="PASS" start="2025-10-16T19:41:09.929002" elapsed="5.536060"/>
</kw>
<kw name="Wait Until Page Contains Element" owner="SeleniumLibrary">
<arg>${logInButton}</arg>
<arg>timeout=80</arg>
<arg>error=logInButtonNotFound</arg>
<doc>Waits until the element ``locator`` appears on the current page.</doc>
<status status="PASS" start="2025-10-16T19:41:15.466022" elapsed="0.223927"/>
</kw>
<kw name="Sleep" owner="BuiltIn">
<msg time="2025-10-16T19:41:16.691126" level="INFO">Slept 1 second.</msg>
<arg>1s</arg>
<doc>Pauses the test executed for the given time.</doc>
<status status="PASS" start="2025-10-16T19:41:15.690273" elapsed="1.000975"/>
</kw>
<kw name="Click Element" owner="SeleniumLibrary">
<msg time="2025-10-16T19:41:16.691716" level="INFO">Clicking element '//*[@id="login2"]'.</msg>
<arg>${logInButton}</arg>
<doc>Click the element identified by ``locator``.</doc>
<status status="PASS" start="2025-10-16T19:41:16.691494" elapsed="0.044847"/>
</kw>
<kw name="Wait Until Page Contains Element" owner="SeleniumLibrary">
<arg>${loginUsernameField}</arg>
<arg>timeout=80</arg>
<arg>error=logInButtonNotFound</arg>
<doc>Waits until the element ``locator`` appears on the current page.</doc>
<status status="PASS" start="2025-10-16T19:41:16.736647" elapsed="0.008852"/>
</kw>
<kw name="Sleep" owner="BuiltIn">
<msg time="2025-10-16T19:41:17.747430" level="INFO">Slept 1 second.</msg>
<arg>1s</arg>
<doc>Pauses the test executed for the given time.</doc>
<status status="PASS" start="2025-10-16T19:41:16.745744" elapsed="1.001867"/>
</kw>
<kw name="Input Text" owner="SeleniumLibrary">
<msg time="2025-10-16T19:41:17.748196" level="INFO">Typing text 'aronTest1' into text field '//*[@id="loginusername"]'.</msg>
<arg>${loginUsernameField}</arg>
<arg>${login}</arg>
<doc>Types the given ``text`` into the text field identified by ``locator``.</doc>
<status status="PASS" start="2025-10-16T19:41:17.747850" elapsed="0.095302"/>
</kw>
<kw name="Input Password" owner="SeleniumLibrary">
<msg time="2025-10-16T19:41:17.843520" level="INFO">Typing password into text field '//*[@id="loginpassword"]'.</msg>
<msg time="2025-10-16T19:41:17.861403" level="INFO">Temporally setting log level to: NONE</msg>
<arg>${loginPasswordField}</arg>
<arg>${password}</arg>
<doc>Types the given password into the text field identified by ``locator``.</doc>
<status status="PASS" start="2025-10-16T19:41:17.843306" elapsed="0.041803"/>
</kw>
<kw name="Sleep" owner="BuiltIn">
<msg time="2025-10-16T19:41:18.885621" level="INFO">Slept 1 second.</msg>
<arg>1s</arg>
<doc>Pauses the test executed for the given time.</doc>
<status status="PASS" start="2025-10-16T19:41:17.885250" elapsed="1.000611"/>
</kw>
<kw name="Click Element" owner="SeleniumLibrary">
<msg time="2025-10-16T19:41:18.886366" level="INFO">Clicking element '//*[@id="logInModal"]/div/div/div[3]/button[2]'.</msg>
<arg>${logInFormButton}</arg>
<doc>Click the element identified by ``locator``.</doc>
<status status="PASS" start="2025-10-16T19:41:18.886049" elapsed="0.037904"/>
</kw>
<kw name="Sleep" owner="BuiltIn">
<msg time="2025-10-16T19:41:20.926365" level="INFO">Slept 2 seconds.</msg>
<arg>2s</arg>
<doc>Pauses the test executed for the given time.</doc>
<status status="PASS" start="2025-10-16T19:41:18.924256" elapsed="2.002254"/>
</kw>
<status status="PASS" start="2025-10-16T19:41:09.928660" elapsed="10.997989"/>
</kw>
<status status="PASS" start="2025-10-16T19:40:54.457176" elapsed="26.469684"/>
</test>
<kw name="Close Browser" owner="resources" type="TEARDOWN">
<kw name="Close All Browsers" owner="SeleniumLibrary">
<doc>Closes all open browsers and resets the browser cache.</doc>
<status status="PASS" start="2025-10-16T19:41:20.927572" elapsed="0.155062"/>
</kw>
<status status="PASS" start="2025-10-16T19:41:20.927400" elapsed="0.155333"/>
</kw>
<status status="PASS" start="2025-10-16T19:40:54.341678" elapsed="26.741082"/>
</suite>
<statistics>
<total>
<stat pass="1" fail="0" skip="0">All Tests</stat>
</total>
<tag>
</tag>
<suite>
<stat name="Test" id="s1" pass="1" fail="0" skip="0">Test</stat>
</suite>
</statistics>
<errors>
</errors>
</robot>
