<?xml version="1.0" encoding="UTF-8"?>
<robot generator="Robot 7.3.2 (Python 3.13.5 on darwin)" generated="2025-11-20T10:13:18.470283" rpa="false" schemaversion="5">
<suite id="s1" name="Test" source="/Users/sultansakyp/SoftwareTestingAssignment/testCases/test.robot">
<test id="s1-t1" name="TC_1_SIGN_UP" line="6">
<kw name="Sign Up" owner="resources">
<kw name="Open Browser" owner="SeleniumLibrary">
<msg time="2025-11-20T10:13:18.544017" level="FAIL">Variable '${REMOTE_URL}' not found.</msg>
<arg>${baseUrl}</arg>
<arg>${BROWSER} remote_url=${REMOTE_URL} desired_capabilities=${DESIRED_CAPABILITIES}</arg>
<doc>Opens a new browser instance to the optional ``url``.</doc>
<status status="FAIL" start="2025-11-20T10:13:18.543572" elapsed="0.000474">Variable '${REMOTE_URL}' not found.</status>
</kw>
<kw name="Wait Until Page Contains Element" owner="SeleniumLibrary">
<arg>${signUpButton}</arg>
<arg>timeout=80</arg>
<arg>error=loginButtonNotFound</arg>
<doc>Waits until the element ``locator`` appears on the current page.</doc>
<status status="NOT RUN" start="2025-11-20T10:13:18.544117" elapsed="0.000014"/>
</kw>
<kw name="Sleep" owner="BuiltIn">
<arg>1s</arg>
<doc>Pauses the test executed for the given time.</doc>
<status status="NOT RUN" start="2025-11-20T10:13:18.544178" elapsed="0.000014"/>
</kw>
<kw name="Click Element" owner="SeleniumLibrary">
<arg>${signUpButton}</arg>
<doc>Click the element identified by ``locator``.</doc>
<status status="NOT RUN" start="2025-11-20T10:13:18.544230" elapsed="0.000009"/>
</kw>
<kw name="Wait Until Page Contains Element" owner="SeleniumLibrary">
<arg>${signUpUsername}</arg>
<arg>timeout=80</arg>
<arg>error=loginButtonNotFound</arg>
<doc>Waits until the element ``locator`` appears on the current page.</doc>
<status status="NOT RUN" start="2025-11-20T10:13:18.544272" elapsed="0.000008"/>
</kw>
<kw name="Sleep" owner="BuiltIn">
<arg>1s</arg>
<doc>Pauses the test executed for the given time.</doc>
<status status="NOT RUN" start="2025-11-20T10:13:18.544312" elapsed="0.000008"/>
</kw>
<kw name="Input Text" owner="SeleniumLibrary">
<arg>${signUpUsername}</arg>
<arg>${login}</arg>
<doc>Types the given ``text`` into the text field identified by ``locator``.</doc>
<status status="NOT RUN" start="2025-11-20T10:13:18.544350" elapsed="0.000008"/>
</kw>
<kw name="Input Password" owner="SeleniumLibrary">
<arg>${signUpPassword}</arg>
<arg>${password}</arg>
<doc>Types the given password into the text field identified by ``locator``.</doc>
<status status="NOT RUN" start="2025-11-20T10:13:18.544387" elapsed="0.000007"/>
</kw>
<kw name="Sleep" owner="BuiltIn">
<arg>2s</arg>
<doc>Pauses the test executed for the given time.</doc>
<status status="NOT RUN" start="2025-11-20T10:13:18.544422" elapsed="0.000008"/>
</kw>
<kw name="Click Element" owner="SeleniumLibrary">
<arg>${signUpFormButton}</arg>
<doc>Click the element identified by ``locator``.</doc>
<status status="NOT RUN" start="2025-11-20T10:13:18.544459" elapsed="0.000008"/>
</kw>
<kw name="Sleep" owner="BuiltIn">
<arg>3s</arg>
<doc>Pauses the test executed for the given time.</doc>
<status status="NOT RUN" start="2025-11-20T10:13:18.544492" elapsed="0.000008"/>
</kw>
<status status="FAIL" start="2025-11-20T10:13:18.543226" elapsed="0.001327">Variable '${REMOTE_URL}' not found.</status>
</kw>
<status status="FAIL" start="2025-11-20T10:13:18.542882" elapsed="0.001759">Variable '${REMOTE_URL}' not found.</status>
</test>
<test id="s1-t2" name="TC_2_LOGIN" line="9">
<kw name="Log in" owner="resources">
<kw name="Open Browser" owner="SeleniumLibrary">
<msg time="2025-11-20T10:13:18.545331" level="FAIL">Variable '${REMOTE_URL}' not found.</msg>
<arg>${baseUrl}</arg>
<arg>${BROWSER} remote_url=${REMOTE_URL} desired_capabilities=${DESIRED_CAPABILITIES}</arg>
<doc>Opens a new browser instance to the optional ``url``.</doc>
<status status="FAIL" start="2025-11-20T10:13:18.544976" elapsed="0.000371">Variable '${REMOTE_URL}' not found.</status>
</kw>
<kw name="Wait Until Page Contains Element" owner="SeleniumLibrary">
<arg>${loginButton}</arg>
<arg>timeout=80</arg>
<arg>error=loginButtonNotFound</arg>
<doc>Waits until the element ``locator`` appears on the current page.</doc>
<status status="NOT RUN" start="2025-11-20T10:13:18.545392" elapsed="0.000011"/>
</kw>
<kw name="Sleep" owner="BuiltIn">
<arg>2s</arg>
<doc>Pauses the test executed for the given time.</doc>
<status status="NOT RUN" start="2025-11-20T10:13:18.545438" elapsed="0.000009"/>
</kw>
<kw name="Click Element" owner="SeleniumLibrary">
<arg>${loginButton}</arg>
<doc>Click the element identified by ``locator``.</doc>
<status status="NOT RUN" start="2025-11-20T10:13:18.545483" elapsed="0.000009"/>
</kw>
<kw name="Wait Until Page Contains Element" owner="SeleniumLibrary">
<arg>${loginUsernameField}</arg>
<arg>timeout=80</arg>
<arg>error=loginButtonNotFound</arg>
<doc>Waits until the element ``locator`` appears on the current page.</doc>
<status status="NOT RUN" start="2025-11-20T10:13:18.545523" elapsed="0.000009"/>
</kw>
<kw name="Sleep" owner="BuiltIn">
<arg>2s</arg>
<doc>Pauses the test executed for the given time.</doc>
<status status="NOT RUN" start="2025-11-20T10:13:18.545560" elapsed="0.000008"/>
</kw>
<kw name="Input Text" owner="SeleniumLibrary">
<arg>${loginUsernameField}</arg>
<arg>${login}</arg>
<doc>Types the given ``text`` into the text field identified by ``locator``.</doc>
<status status="NOT RUN" start="2025-11-20T10:13:18.545600" elapsed="0.000008"/>
</kw>
<kw name="Input Password" owner="SeleniumLibrary">
<arg>${loginPasswordField}</arg>
<arg>${password}</arg>
<doc>Types the given password into the text field identified by ``locator``.</doc>
<status status="NOT RUN" start="2025-11-20T10:13:18.545639" elapsed="0.000007"/>
</kw>
<kw name="Sleep" owner="BuiltIn">
<arg>2s</arg>
<doc>Pauses the test executed for the given time.</doc>
<status status="NOT RUN" start="2025-11-20T10:13:18.545674" elapsed="0.000008"/>
</kw>
<kw name="Click Element" owner="SeleniumLibrary">
<arg>${loginFormButton}</arg>
<doc>Click the element identified by ``locator``.</doc>
<status status="NOT RUN" start="2025-11-20T10:13:18.545711" elapsed="0.000007"/>
</kw>
<kw name="Sleep" owner="BuiltIn">
<arg>2s</arg>
<doc>Pauses the test executed for the given time.</doc>
<status status="NOT RUN" start="2025-11-20T10:13:18.545743" elapsed="0.000008"/>
</kw>
<status status="FAIL" start="2025-11-20T10:13:18.544877" elapsed="0.000909">Variable '${REMOTE_URL}' not found.</status>
</kw>
<status status="FAIL" start="2025-11-20T10:13:18.544735" elapsed="0.001117">Variable '${REMOTE_URL}' not found.</status>
</test>
<test id="s1-t3" name="TC_3_BUY_PRODUCT" line="12">
<kw name="Buy Product" owner="resources">
<kw name="Click Element" owner="SeleniumLibrary">
<msg time="2025-11-20T10:13:18.546298" level="INFO">Clicking element '//a[text()="Samsung galaxy s6"]'.</msg>
<msg time="2025-11-20T10:13:18.546348" level="INFO">Cannot capture screenshot because no browser is open.</msg>
<msg time="2025-11-20T10:13:18.546379" level="FAIL">No browser is open.</msg>
<arg>${productSamsungGalaxyS6}</arg>
<doc>Click the element identified by ``locator``.</doc>
<status status="FAIL" start="2025-11-20T10:13:18.546156" elapsed="0.001236">No browser is open.</status>
</kw>
<kw name="Wait Until Page Contains Element" owner="SeleniumLibrary">
<arg>${addToCartButton}</arg>
<arg>timeout=80</arg>
<doc>Waits until the element ``locator`` appears on the current page.</doc>
<status status="NOT RUN" start="2025-11-20T10:13:18.547446" elapsed="0.000012"/>
</kw>
<kw name="Sleep" owner="BuiltIn">
<arg>2s</arg>
<doc>Pauses the test executed for the given time.</doc>
<status status="NOT RUN" start="2025-11-20T10:13:18.547496" elapsed="0.000010"/>
</kw>
<kw name="Click Element" owner="SeleniumLibrary">
<arg>${addToCartButton}</arg>
<doc>Click the element identified by ``locator``.</doc>
<status status="NOT RUN" start="2025-11-20T10:13:18.547538" elapsed="0.000008"/>
</kw>
<kw name="Sleep" owner="BuiltIn">
<arg>2s</arg>
<doc>Pauses the test executed for the given time.</doc>
<status status="NOT RUN" start="2025-11-20T10:13:18.547575" elapsed="0.000008"/>
</kw>
<kw name="Handle Alert" owner="SeleniumLibrary">
<arg>accept</arg>
<doc>Handles the current alert and returns its message.</doc>
<status status="NOT RUN" start="2025-11-20T10:13:18.547613" elapsed="0.000059"/>
</kw>
<kw name="Click Element" owner="SeleniumLibrary">
<arg>${cartButton}</arg>
<doc>Click the element identified by ``locator``.</doc>
<status status="NOT RUN" start="2025-11-20T10:13:18.547705" elapsed="0.000008"/>
</kw>
<kw name="Sleep" owner="BuiltIn">
<arg>2s</arg>
<doc>Pauses the test executed for the given time.</doc>
<status status="NOT RUN" start="2025-11-20T10:13:18.547740" elapsed="0.000008"/>
</kw>
<kw name="Wait Until Page Contains Element" owner="SeleniumLibrary">
<arg>${placeOrderButton}</arg>
<arg>timeout=80</arg>
<doc>Waits until the element ``locator`` appears on the current page.</doc>
<status status="NOT RUN" start="2025-11-20T10:13:18.547783" elapsed="0.000008"/>
</kw>
<kw name="Sleep" owner="BuiltIn">
<arg>2s</arg>
<doc>Pauses the test executed for the given time.</doc>
<status status="NOT RUN" start="2025-11-20T10:13:18.547818" elapsed="0.000007"/>
</kw>
<kw name="Click Element" owner="SeleniumLibrary">
<arg>${placeOrderButton}</arg>
<doc>Click the element identified by ``locator``.</doc>
<status status="NOT RUN" start="2025-11-20T10:13:18.547852" elapsed="0.000007"/>
</kw>
<kw name="Wait Until Page Contains Element" owner="SeleniumLibrary">
<arg>${orderName}</arg>
<arg>timeout=80</arg>
<arg>error=loginButtonNotFound</arg>
<doc>Waits until the element ``locator`` appears on the current page.</doc>
<status status="NOT RUN" start="2025-11-20T10:13:18.547886" elapsed="0.000007"/>
</kw>
<kw name="Sleep" owner="BuiltIn">
<arg>2s</arg>
<doc>Pauses the test executed for the given time.</doc>
<status status="NOT RUN" start="2025-11-20T10:13:18.547920" elapsed="0.000007"/>
</kw>
<kw name="Input Text" owner="SeleniumLibrary">
<arg>${orderName}</arg>
<arg>Sultan Sakyp</arg>
<doc>Types the given ``text`` into the text field identified by ``locator``.</doc>
<status status="NOT RUN" start="2025-11-20T10:13:18.547954" elapsed="0.000007"/>
</kw>
<kw name="Input Text" owner="SeleniumLibrary">
<arg>${orderCountry}</arg>
<arg>Kazakhstan</arg>
<doc>Types the given ``text`` into the text field identified by ``locator``.</doc>
<status status="NOT RUN" start="2025-11-20T10:13:18.547988" elapsed="0.000008"/>
</kw>
<kw name="Input Text" owner="SeleniumLibrary">
<arg>${orderCity}</arg>
<arg>Almaty</arg>
<doc>Types the given ``text`` into the text field identified by ``locator``.</doc>
<status status="NOT RUN" start="2025-11-20T10:13:18.548022" elapsed="0.000007"/>
</kw>
<kw name="Input Text" owner="SeleniumLibrary">
<arg>${orderCard}</arg>
<arg>1234 5678 9012 3456</arg>
<doc>Types the given ``text`` into the text field identified by ``locator``.</doc>
<status status="NOT RUN" start="2025-11-20T10:13:18.548058" elapsed="0.000007"/>
</kw>
<kw name="Input Text" owner="SeleniumLibrary">
<arg>${orderMonth}</arg>
<arg>10</arg>
<doc>Types the given ``text`` into the text field identified by ``locator``.</doc>
<status status="NOT RUN" start="2025-11-20T10:13:18.548091" elapsed="0.000006"/>
</kw>
<kw name="Input Text" owner="SeleniumLibrary">
<arg>${orderYear}</arg>
<arg>2025</arg>
<doc>Types the given ``text`` into the text field identified by ``locator``.</doc>
<status status="NOT RUN" start="2025-11-20T10:13:18.548122" elapsed="0.000007"/>
</kw>
<kw name="Sleep" owner="BuiltIn">
<arg>2s</arg>
<doc>Pauses the test executed for the given time.</doc>
<status status="NOT RUN" start="2025-11-20T10:13:18.548155" elapsed="0.000008"/>
</kw>
<kw name="Click Element" owner="SeleniumLibrary">
<arg>${purchaseButton}</arg>
<doc>Click the element identified by ``locator``.</doc>
<status status="NOT RUN" start="2025-11-20T10:13:18.548191" elapsed="0.000007"/>
</kw>
<kw name="Wait Until Page Contains" owner="SeleniumLibrary">
<arg>Thank you for your purchase!</arg>
<arg>timeout=80</arg>
<doc>Waits until ``text`` appears on the current page.</doc>
<status status="NOT RUN" start="2025-11-20T10:13:18.548224" elapsed="0.000007"/>
</kw>
<kw name="Sleep" owner="BuiltIn">
<arg>2s</arg>
<doc>Pauses the test executed for the given time.</doc>
<status status="NOT RUN" start="2025-11-20T10:13:18.548257" elapsed="0.000008"/>
</kw>
<kw name="Wait Until Page Contains Element" owner="SeleniumLibrary">
<arg>${okButton}</arg>
<arg>timeout=80</arg>
<arg>error=loginButtonNotFound</arg>
<doc>Waits until the element ``locator`` appears on the current page.</doc>
<status status="NOT RUN" start="2025-11-20T10:13:18.548291" elapsed="0.000008"/>
</kw>
<kw name="Click Element" owner="SeleniumLibrary">
<arg>${okButton}</arg>
<doc>Click the element identified by ``locator``.</doc>
<status status="NOT RUN" start="2025-11-20T10:13:18.548328" elapsed="0.000008"/>
</kw>
<kw name="Sleep" owner="BuiltIn">
<arg>2s</arg>
<doc>Pauses the test executed for the given time.</doc>
<status status="NOT RUN" start="2025-11-20T10:13:18.548362" elapsed="0.000007"/>
</kw>
<status status="FAIL" start="2025-11-20T10:13:18.546076" elapsed="0.002331">No browser is open.</status>
</kw>
<status status="FAIL" start="2025-11-20T10:13:18.545934" elapsed="0.002537">No browser is open.</status>
</test>
<test id="s1-t4" name="TC_4_LOGOUT" line="15">
<kw name="Log out" owner="resources">
<kw name="Click Element" owner="SeleniumLibrary">
<msg time="2025-11-20T10:13:18.548943" level="INFO">Clicking element '//*[@id="logout2"]'.</msg>
<msg time="2025-11-20T10:13:18.548971" level="INFO">Cannot capture screenshot because no browser is open.</msg>
<msg time="2025-11-20T10:13:18.549005" level="FAIL">No browser is open.</msg>
<arg>${logOutButton}</arg>
<doc>Click the element identified by ``locator``.</doc>
<status status="FAIL" start="2025-11-20T10:13:18.548850" elapsed="0.000760">No browser is open.</status>
</kw>
<kw name="Sleep" owner="BuiltIn">
<arg>2s</arg>
<doc>Pauses the test executed for the given time.</doc>
<status status="NOT RUN" start="2025-11-20T10:13:18.549691" elapsed="0.000016"/>
</kw>
<status status="FAIL" start="2025-11-20T10:13:18.548742" elapsed="0.001012">No browser is open.</status>
</kw>
<status status="FAIL" start="2025-11-20T10:13:18.548596" elapsed="0.001244">No browser is open.</status>
</test>
<kw name="Close Browser" owner="resources" type="TEARDOWN">
<kw name="Close All Browsers" owner="SeleniumLibrary">
<doc>Closes all open browsers and resets the browser cache.</doc>
<status status="PASS" start="2025-11-20T10:13:18.550149" elapsed="0.000064"/>
</kw>
<status status="PASS" start="2025-11-20T10:13:18.550069" elapsed="0.000173"/>
</kw>
<status status="FAIL" start="2025-11-20T10:13:18.471718" elapsed="0.078539"/>
</suite>
<statistics>
<total>
<stat pass="0" fail="4" skip="0">All Tests</stat>
</total>
<tag>
</tag>
<suite>
<stat name="Test" id="s1" pass="0" fail="4" skip="0">Test</stat>
</suite>
</statistics>
<errors>
<msg time="2025-11-20T10:13:18.471550" level="ERROR">Variable file 'resources/browserstack.py' does not exist.</msg>
</errors>
</robot>
